  [1m[35m (47.3ms)[0m  [1m[35mCREATE TABLE "schema_migrations" ("version" character varying NOT NULL PRIMARY KEY)[0m
  [1m[35m (23.2ms)[0m  [1m[35mCREATE TABLE "ar_internal_metadata" ("key" character varying NOT NULL PRIMARY KEY, "value" character varying, "created_at" timestamp NOT NULL, "updated_at" timestamp NOT NULL)[0m
  [1m[35m (1.4ms)[0m  [1m[34mSELECT "schema_migrations"."version" FROM "schema_migrations" ORDER BY "schema_migrations"."version" ASC[0m
  [1m[35m (13.1ms)[0m  [1m[34mSELECT pg_try_advisory_lock(5470586304212234835);[0m
  [1m[35m (0.9ms)[0m  [1m[34mSELECT "schema_migrations"."version" FROM "schema_migrations" ORDER BY "schema_migrations"."version" ASC[0m
Migrating to CreateStatuses (20170613023306)
  [1m[35m (0.2ms)[0m  [1m[35mBEGIN[0m
  [1m[35m (31.8ms)[0m  [1m[35mCREATE TABLE "statuses" ("id" bigserial primary key, "mygamestat" character varying, "created_at" timestamp NOT NULL, "updated_at" timestamp NOT NULL)[0m
  [1m[35mSQL (0.9ms)[0m  [1m[32mINSERT INTO "schema_migrations" ("version") VALUES ($1) RETURNING "version"[0m  [["version", "20170613023306"]]
  [1m[35m (0.6ms)[0m  [1m[35mCOMMIT[0m
Migrating to CreateGames (20170613023434)
  [1m[35m (6.2ms)[0m  [1m[35mBEGIN[0m
  [1m[35m (36.0ms)[0m  [1m[35mCREATE TABLE "games" ("id" bigserial primary key, "gamename" character varying, "summary" text, "rating" integer, "imageurl" character varying, "status_id" bigint, "created_at" timestamp NOT NULL, "updated_at" timestamp NOT NULL, CONSTRAINT "fk_rails_65028308d5"
FOREIGN KEY ("status_id")
  REFERENCES "statuses" ("id")
)[0m
  [1m[35m (2.2ms)[0m  [1m[35mCREATE  INDEX  "index_games_on_status_id" ON "games"  ("status_id")[0m
  [1m[35mSQL (0.4ms)[0m  [1m[32mINSERT INTO "schema_migrations" ("version") VALUES ($1) RETURNING "version"[0m  [["version", "20170613023434"]]
  [1m[35m (0.6ms)[0m  [1m[35mCOMMIT[0m
  [1m[36mActiveRecord::InternalMetadata Load (0.9ms)[0m  [1m[34mSELECT  "ar_internal_metadata".* FROM "ar_internal_metadata" WHERE "ar_internal_metadata"."key" = $1 LIMIT $2[0m  [["key", "environment"], ["LIMIT", 1]]
  [1m[35m (0.2ms)[0m  [1m[35mBEGIN[0m
  [1m[35mSQL (0.5ms)[0m  [1m[32mINSERT INTO "ar_internal_metadata" ("key", "value", "created_at", "updated_at") VALUES ($1, $2, $3, $4) RETURNING "key"[0m  [["key", "environment"], ["value", "development"], ["created_at", "2017-06-13 02:36:20.815693"], ["updated_at", "2017-06-13 02:36:20.815693"]]
  [1m[35m (0.5ms)[0m  [1m[35mCOMMIT[0m
  [1m[35m (0.2ms)[0m  [1m[34mSELECT pg_advisory_unlock(5470586304212234835)[0m
  [1m[35m (0.4ms)[0m  [1m[34mSELECT "schema_migrations"."version" FROM "schema_migrations" ORDER BY "schema_migrations"."version" ASC[0m
  [1m[35m (1.0ms)[0m  [1m[34mSELECT "schema_migrations"."version" FROM "schema_migrations" ORDER BY "schema_migrations"."version" ASC[0m
  [1m[35m (0.2ms)[0m  [1m[35mBEGIN[0m
  [1m[35mSQL (13.4ms)[0m  [1m[32mINSERT INTO "statuses" ("mygamestat", "created_at", "updated_at") VALUES ($1, $2, $3) RETURNING "id"[0m  [["mygamestat", "Plan to Buy"], ["created_at", "2017-06-13 02:37:07.041974"], ["updated_at", "2017-06-13 02:37:07.041974"]]
  [1m[35m (0.6ms)[0m  [1m[35mCOMMIT[0m
  [1m[35m (0.3ms)[0m  [1m[35mBEGIN[0m
  [1m[35mSQL (0.6ms)[0m  [1m[32mINSERT INTO "statuses" ("mygamestat", "created_at", "updated_at") VALUES ($1, $2, $3) RETURNING "id"[0m  [["mygamestat", "Playing"], ["created_at", "2017-06-13 02:37:07.060634"], ["updated_at", "2017-06-13 02:37:07.060634"]]
  [1m[35m (0.4ms)[0m  [1m[35mCOMMIT[0m
  [1m[35m (0.2ms)[0m  [1m[35mBEGIN[0m
  [1m[35mSQL (0.3ms)[0m  [1m[32mINSERT INTO "statuses" ("mygamestat", "created_at", "updated_at") VALUES ($1, $2, $3) RETURNING "id"[0m  [["mygamestat", "Completed"], ["created_at", "2017-06-13 02:37:07.064877"], ["updated_at", "2017-06-13 02:37:07.064877"]]
  [1m[35m (0.4ms)[0m  [1m[35mCOMMIT[0m
  [1m[35m (0.1ms)[0m  [1m[35mBEGIN[0m
  [1m[35mSQL (0.3ms)[0m  [1m[32mINSERT INTO "statuses" ("mygamestat", "created_at", "updated_at") VALUES ($1, $2, $3) RETURNING "id"[0m  [["mygamestat", "Dropped"], ["created_at", "2017-06-13 02:37:07.067473"], ["updated_at", "2017-06-13 02:37:07.067473"]]
  [1m[35m (0.3ms)[0m  [1m[35mCOMMIT[0m
  [1m[35m (0.3ms)[0m  [1m[35mBEGIN[0m
  [1m[36mStatus Load (0.4ms)[0m  [1m[34mSELECT  "statuses".* FROM "statuses" WHERE "statuses"."id" = $1 LIMIT $2[0m  [["id", 2], ["LIMIT", 1]]
  [1m[35mSQL (13.4ms)[0m  [1m[32mINSERT INTO "games" ("gamename", "summary", "rating", "imageurl", "status_id", "created_at", "updated_at") VALUES ($1, $2, $3, $4, $5, $6, $7) RETURNING "id"[0m  [["gamename", "GTA: San Andreas"], ["summary", "Returning after his mother's murder to the semi-fictional city of Los Santos (based on Los Angeles), Carl Johnson, a former gang banger, must take back the streets for his family and friends by gaining respect and once again gaining control over the city. However, a story filled with plots, lies and corruption will lead him to trudge the entire state of San Andreas (based on California and Nevada) to get revenge"], ["rating", 93], ["imageurl", "https://images.igdb.com/igdb/image/upload/t_thumb/h0byhm1o9j8maqfhxd91.jpg"], ["status_id", 2], ["created_at", "2017-06-13 02:37:07.110273"], ["updated_at", "2017-06-13 02:37:07.110273"]]
  [1m[35m (6.4ms)[0m  [1m[35mCOMMIT[0m
  [1m[35m (0.2ms)[0m  [1m[35mBEGIN[0m
  [1m[36mStatus Load (0.4ms)[0m  [1m[34mSELECT  "statuses".* FROM "statuses" WHERE "statuses"."id" = $1 LIMIT $2[0m  [["id", 1], ["LIMIT", 1]]
  [1m[35mSQL (0.6ms)[0m  [1m[32mINSERT INTO "games" ("gamename", "summary", "rating", "imageurl", "status_id", "created_at", "updated_at") VALUES ($1, $2, $3, $4, $5, $6, $7) RETURNING "id"[0m  [["gamename", "Yakuza 0"], ["summary", "Yakuza 0 is a prequel set in 1988 to the Yakuza series of games developed by Sega, taking place before the first Yakuza game. Like in the previous games, the game's main setting is the fictional town of Kamurocho in Tokyo"], ["rating", 85], ["imageurl", "https://images.igdb.com/igdb/image/upload/t_thumb/xnqjqplrkaovii0pc2ud.jpg"], ["status_id", 1], ["created_at", "2017-06-13 02:37:07.135437"], ["updated_at", "2017-06-13 02:37:07.135437"]]
  [1m[35m (0.5ms)[0m  [1m[35mCOMMIT[0m
  [1m[36mGame Load (0.7ms)[0m  [1m[34mSELECT  "games".* FROM "games" LIMIT $1[0m  [["LIMIT", 11]]
Started GET "/movies" for 127.0.0.1 at 2017-06-13 00:02:00 -0400
  [1m[35m (2.6ms)[0m  [1m[34mSELECT "schema_migrations"."version" FROM "schema_migrations" ORDER BY "schema_migrations"."version" ASC[0m
  
ActionController::RoutingError (No route matches [GET] "/movies"):
  
actionpack (5.1.1) lib/action_dispatch/middleware/debug_exceptions.rb:63:in `call'
actionpack (5.1.1) lib/action_dispatch/middleware/show_exceptions.rb:31:in `call'
railties (5.1.1) lib/rails/rack/logger.rb:36:in `call_app'
railties (5.1.1) lib/rails/rack/logger.rb:24:in `block in call'
activesupport (5.1.1) lib/active_support/tagged_logging.rb:69:in `block in tagged'
activesupport (5.1.1) lib/active_support/tagged_logging.rb:26:in `tagged'
activesupport (5.1.1) lib/active_support/tagged_logging.rb:69:in `tagged'
railties (5.1.1) lib/rails/rack/logger.rb:24:in `call'
actionpack (5.1.1) lib/action_dispatch/middleware/remote_ip.rb:79:in `call'
actionpack (5.1.1) lib/action_dispatch/middleware/request_id.rb:25:in `call'
rack (2.0.3) lib/rack/runtime.rb:22:in `call'
activesupport (5.1.1) lib/active_support/cache/strategy/local_cache_middleware.rb:27:in `call'
actionpack (5.1.1) lib/action_dispatch/middleware/executor.rb:12:in `call'
actionpack (5.1.1) lib/action_dispatch/middleware/static.rb:125:in `call'
rack (2.0.3) lib/rack/sendfile.rb:111:in `call'
railties (5.1.1) lib/rails/engine.rb:522:in `call'
puma (3.9.1) lib/puma/configuration.rb:224:in `call'
puma (3.9.1) lib/puma/server.rb:602:in `handle_request'
puma (3.9.1) lib/puma/server.rb:435:in `process_client'
puma (3.9.1) lib/puma/server.rb:299:in `block in run'
puma (3.9.1) lib/puma/thread_pool.rb:120:in `block in spawn_thread'
Started GET "/" for 127.0.0.1 at 2017-06-13 00:02:06 -0400
Processing by Rails::WelcomeController#index as HTML
  Rendering /Users/student/.rvm/gems/ruby-2.4.0/gems/railties-5.1.1/lib/rails/templates/rails/welcome/index.html.erb
  Rendered /Users/student/.rvm/gems/ruby-2.4.0/gems/railties-5.1.1/lib/rails/templates/rails/welcome/index.html.erb (4.0ms)
Completed 200 OK in 17ms (Views: 8.2ms | ActiveRecord: 0.0ms)


Started GET "/games" for 127.0.0.1 at 2017-06-13 00:02:18 -0400
Processing by GamesController#index as HTML
  [1m[36mGame Load (3.1ms)[0m  [1m[34mSELECT "games".* FROM "games"[0m
Completed 200 OK in 75ms (Views: 26.0ms | ActiveRecord: 29.3ms)


Started GET "/games" for 127.0.0.1 at 2017-06-13 00:02:47 -0400
Processing by GamesController#index as HTML
  [1m[36mGame Load (1.9ms)[0m  [1m[34mSELECT "games".* FROM "games"[0m
Completed 200 OK in 73ms (Views: 43.9ms | ActiveRecord: 11.4ms)


Started GET "/favicon.ico" for 127.0.0.1 at 2017-06-13 00:02:57 -0400
  
ActionController::RoutingError (No route matches [GET] "/favicon.ico"):
  
actionpack (5.1.1) lib/action_dispatch/middleware/debug_exceptions.rb:63:in `call'
actionpack (5.1.1) lib/action_dispatch/middleware/show_exceptions.rb:31:in `call'
railties (5.1.1) lib/rails/rack/logger.rb:36:in `call_app'
railties (5.1.1) lib/rails/rack/logger.rb:24:in `block in call'
activesupport (5.1.1) lib/active_support/tagged_logging.rb:69:in `block in tagged'
activesupport (5.1.1) lib/active_support/tagged_logging.rb:26:in `tagged'
activesupport (5.1.1) lib/active_support/tagged_logging.rb:69:in `tagged'
railties (5.1.1) lib/rails/rack/logger.rb:24:in `call'
actionpack (5.1.1) lib/action_dispatch/middleware/remote_ip.rb:79:in `call'
actionpack (5.1.1) lib/action_dispatch/middleware/request_id.rb:25:in `call'
rack (2.0.3) lib/rack/runtime.rb:22:in `call'
activesupport (5.1.1) lib/active_support/cache/strategy/local_cache_middleware.rb:27:in `call'
actionpack (5.1.1) lib/action_dispatch/middleware/executor.rb:12:in `call'
actionpack (5.1.1) lib/action_dispatch/middleware/static.rb:125:in `call'
rack (2.0.3) lib/rack/sendfile.rb:111:in `call'
railties (5.1.1) lib/rails/engine.rb:522:in `call'
puma (3.9.1) lib/puma/configuration.rb:224:in `call'
puma (3.9.1) lib/puma/server.rb:602:in `handle_request'
puma (3.9.1) lib/puma/server.rb:435:in `process_client'
puma (3.9.1) lib/puma/server.rb:299:in `block in run'
puma (3.9.1) lib/puma/thread_pool.rb:120:in `block in spawn_thread'
  [1m[36mGame Load (0.6ms)[0m  [1m[34mSELECT  "games".* FROM "games" LIMIT $1[0m  [["LIMIT", 11]]
  [1m[36mGame Load (3.8ms)[0m  [1m[34mSELECT  "games".* FROM "games" WHERE "games"."id" = $1 LIMIT $2[0m  [["id", 2], ["LIMIT", 1]]
  [1m[36mGame Load (4.4ms)[0m  [1m[34mSELECT  "games".* FROM "games" WHERE "games"."id" = $1 LIMIT $2[0m  [["id", 2], ["LIMIT", 1]]
Started GET "/games" for 127.0.0.1 at 2017-06-13 00:15:04 -0400
  [1m[35m (6.6ms)[0m  [1m[34mSELECT "schema_migrations"."version" FROM "schema_migrations" ORDER BY "schema_migrations"."version" ASC[0m
Processing by GamesController#index as HTML
  [1m[36mGame Load (0.8ms)[0m  [1m[34mSELECT "games".* FROM "games"[0m
Completed 200 OK in 42ms (Views: 20.1ms | ActiveRecord: 7.8ms)


Started GET "/games/2" for 127.0.0.1 at 2017-06-13 00:15:10 -0400
Processing by GamesController#show as HTML
  Parameters: {"id"=>"2"}
  [1m[36mGame Load (0.5ms)[0m  [1m[34mSELECT  "games".* FROM "games" WHERE "games"."id" = $1 LIMIT $2[0m  [["id", 2], ["LIMIT", 1]]
Completed 200 OK in 23ms (Views: 0.6ms | ActiveRecord: 11.4ms)


Started GET "/games/1" for 127.0.0.1 at 2017-06-13 00:15:19 -0400
Processing by GamesController#show as HTML
  Parameters: {"id"=>"1"}
  [1m[36mGame Load (0.7ms)[0m  [1m[34mSELECT  "games".* FROM "games" WHERE "games"."id" = $1 LIMIT $2[0m  [["id", 1], ["LIMIT", 1]]
Completed 200 OK in 5ms (Views: 1.1ms | ActiveRecord: 0.7ms)


Started GET "/games" for 127.0.0.1 at 2017-06-13 00:15:38 -0400
Processing by GamesController#index as HTML
  [1m[36mGame Load (0.3ms)[0m  [1m[34mSELECT "games".* FROM "games"[0m
Completed 200 OK in 3ms (Views: 2.2ms | ActiveRecord: 0.3ms)


Started GET "/games/1" for 127.0.0.1 at 2017-06-13 00:16:05 -0400
Processing by GamesController#show as HTML
  Parameters: {"id"=>"1"}
  [1m[36mGame Load (0.6ms)[0m  [1m[34mSELECT  "games".* FROM "games" WHERE "games"."id" = $1 LIMIT $2[0m  [["id", 1], ["LIMIT", 1]]
Completed 200 OK in 4ms (Views: 0.5ms | ActiveRecord: 1.5ms)


Started GET "/games/1" for 127.0.0.1 at 2017-06-13 00:16:37 -0400
Processing by GamesController#show as HTML
  Parameters: {"id"=>"1"}
  [1m[36mGame Load (0.3ms)[0m  [1m[34mSELECT  "games".* FROM "games" WHERE "games"."id" = $1 LIMIT $2[0m  [["id", 1], ["LIMIT", 1]]
Completed 200 OK in 33ms (Views: 0.7ms | ActiveRecord: 0.3ms)


Started GET "/games/" for 127.0.0.1 at 2017-06-13 00:16:40 -0400
Processing by GamesController#index as HTML
  [1m[36mGame Load (0.5ms)[0m  [1m[34mSELECT "games".* FROM "games"[0m
Completed 200 OK in 3ms (Views: 2.6ms | ActiveRecord: 0.5ms)


Started GET "/games/" for 127.0.0.1 at 2017-06-13 00:16:50 -0400
Processing by GamesController#index as HTML
  [1m[36mGame Load (0.7ms)[0m  [1m[34mSELECT "games".* FROM "games"[0m
Completed 200 OK in 33ms (Views: 15.6ms | ActiveRecord: 7.2ms)


Started GET "/games/1" for 127.0.0.1 at 2017-06-13 00:16:55 -0400
Processing by GamesController#show as HTML
  Parameters: {"id"=>"1"}
  [1m[36mGame Load (0.3ms)[0m  [1m[34mSELECT  "games".* FROM "games" WHERE "games"."id" = $1 LIMIT $2[0m  [["id", 1], ["LIMIT", 1]]
Completed 200 OK in 3ms (Views: 0.6ms | ActiveRecord: 0.3ms)


Started GET "/games/1" for 127.0.0.1 at 2017-06-13 00:17:05 -0400
Processing by GamesController#show as HTML
  Parameters: {"id"=>"1"}
  [1m[36mGame Load (0.4ms)[0m  [1m[34mSELECT  "games".* FROM "games" WHERE "games"."id" = $1 LIMIT $2[0m  [["id", 1], ["LIMIT", 1]]
Completed 200 OK in 34ms (Views: 0.8ms | ActiveRecord: 5.8ms)


Started GET "/games" for 127.0.0.1 at 2017-06-13 00:17:08 -0400
Processing by GamesController#index as HTML
  [1m[36mGame Load (0.4ms)[0m  [1m[34mSELECT "games".* FROM "games"[0m
Completed 200 OK in 3ms (Views: 1.8ms | ActiveRecord: 0.4ms)


Started GET "/games/2" for 127.0.0.1 at 2017-06-13 00:17:53 -0400
Processing by GamesController#show as HTML
  Parameters: {"id"=>"2"}
  [1m[36mGame Load (0.5ms)[0m  [1m[34mSELECT  "games".* FROM "games" WHERE "games"."id" = $1 LIMIT $2[0m  [["id", 2], ["LIMIT", 1]]
Completed 200 OK in 4ms (Views: 1.0ms | ActiveRecord: 0.5ms)


Started GET "/games/2" for 127.0.0.1 at 2017-06-13 10:37:42 -0400
  [1m[35m (2.0ms)[0m  [1m[34mSELECT "schema_migrations"."version" FROM "schema_migrations" ORDER BY "schema_migrations"."version" ASC[0m
Processing by GamesController#show as HTML
  Parameters: {"id"=>"2"}
  [1m[36mGame Load (0.5ms)[0m  [1m[34mSELECT  "games".* FROM "games" WHERE "games"."id" = $1 LIMIT $2[0m  [["id", 2], ["LIMIT", 1]]
Completed 200 OK in 46ms (Views: 1.2ms | ActiveRecord: 14.0ms)


Started GET "/" for 127.0.0.1 at 2017-06-13 10:39:39 -0400
Processing by Rails::WelcomeController#index as HTML
  Rendering /Users/student/.rvm/gems/ruby-2.4.0/gems/railties-5.1.1/lib/rails/templates/rails/welcome/index.html.erb
  Rendered /Users/student/.rvm/gems/ruby-2.4.0/gems/railties-5.1.1/lib/rails/templates/rails/welcome/index.html.erb (8.8ms)
Completed 200 OK in 36ms (Views: 27.2ms | ActiveRecord: 0.0ms)


Started GET "/" for 127.0.0.1 at 2017-06-13 10:44:56 -0400
Processing by GamesController#root as HTML
Completed 200 OK in 6ms (Views: 2.0ms | ActiveRecord: 0.0ms)


Started GET "/games" for 127.0.0.1 at 2017-06-13 10:45:32 -0400
Processing by GamesController#index as HTML
  [1m[36mGame Load (42.1ms)[0m  [1m[34mSELECT "games".* FROM "games"[0m
Completed 200 OK in 159ms (Views: 26.5ms | ActiveRecord: 112.9ms)


Started GET "/games" for 127.0.0.1 at 2017-06-13 10:50:06 -0400
  
SyntaxError (/Users/student/GA/projects/unit04/finalproject/gametrackerapp/app/controllers/games_controller.rb:17: syntax error, unexpected ':', expecting keyword_then or ';' or '\n'
  rescue ActiveRecord: :RecordNotFound
                      ^):
  
app/controllers/games_controller.rb:17: syntax error, unexpected ':', expecting keyword_then or ';' or '\n'
Started GET "/games" for 127.0.0.1 at 2017-06-13 10:50:24 -0400
Processing by GamesController#index as HTML
  [1m[36mGame Load (0.8ms)[0m  [1m[34mSELECT "games".* FROM "games"[0m
Completed 200 OK in 44ms (Views: 21.6ms | ActiveRecord: 10.1ms)


Started GET "/games/2" for 127.0.0.1 at 2017-06-13 10:50:37 -0400
  
SyntaxError (/Users/student/GA/projects/unit04/finalproject/gametrackerapp/app/controllers/games_controller.rb:26: syntax error, unexpected end-of-input, expecting keyword_end):
  
app/controllers/games_controller.rb:26: syntax error, unexpected end-of-input, expecting keyword_end
Started GET "/games/2" for 127.0.0.1 at 2017-06-13 10:51:07 -0400
Processing by GamesController#show as HTML
  Parameters: {"id"=>"2"}
  [1m[36mGame Load (1.0ms)[0m  [1m[34mSELECT  "games".* FROM "games" WHERE "games"."id" = $1 LIMIT $2[0m  [["id", 2], ["LIMIT", 1]]
Completed 200 OK in 37ms (Views: 0.9ms | ActiveRecord: 6.0ms)


Started GET "/games/23" for 127.0.0.1 at 2017-06-13 10:51:11 -0400
Processing by GamesController#show as HTML
  Parameters: {"id"=>"23"}
  [1m[36mGame Load (0.5ms)[0m  [1m[34mSELECT  "games".* FROM "games" WHERE "games"."id" = $1 LIMIT $2[0m  [["id", 23], ["LIMIT", 1]]
Completed 404 Not Found in 3ms (ActiveRecord: 0.5ms)


  
ActiveRecord::RecordNotFound (Couldn't find Game with 'id'=23):
  
app/controllers/games_controller.rb:15:in `show'
Started GET "/games/23" for 127.0.0.1 at 2017-06-13 10:51:19 -0400
Processing by GamesController#show as HTML
  Parameters: {"id"=>"23"}
  [1m[36mGame Load (0.4ms)[0m  [1m[34mSELECT  "games".* FROM "games" WHERE "games"."id" = $1 LIMIT $2[0m  [["id", 23], ["LIMIT", 1]]
Completed 404 Not Found in 27ms (Views: 0.4ms | ActiveRecord: 10.9ms)


Started GET "/gamess/23" for 127.0.0.1 at 2017-06-13 10:51:36 -0400
  
ActionController::RoutingError (No route matches [GET] "/gamess/23"):
  
actionpack (5.1.1) lib/action_dispatch/middleware/debug_exceptions.rb:63:in `call'
actionpack (5.1.1) lib/action_dispatch/middleware/show_exceptions.rb:31:in `call'
railties (5.1.1) lib/rails/rack/logger.rb:36:in `call_app'
railties (5.1.1) lib/rails/rack/logger.rb:24:in `block in call'
activesupport (5.1.1) lib/active_support/tagged_logging.rb:69:in `block in tagged'
activesupport (5.1.1) lib/active_support/tagged_logging.rb:26:in `tagged'
activesupport (5.1.1) lib/active_support/tagged_logging.rb:69:in `tagged'
railties (5.1.1) lib/rails/rack/logger.rb:24:in `call'
actionpack (5.1.1) lib/action_dispatch/middleware/remote_ip.rb:79:in `call'
actionpack (5.1.1) lib/action_dispatch/middleware/request_id.rb:25:in `call'
rack (2.0.3) lib/rack/runtime.rb:22:in `call'
activesupport (5.1.1) lib/active_support/cache/strategy/local_cache_middleware.rb:27:in `call'
actionpack (5.1.1) lib/action_dispatch/middleware/executor.rb:12:in `call'
actionpack (5.1.1) lib/action_dispatch/middleware/static.rb:125:in `call'
rack (2.0.3) lib/rack/sendfile.rb:111:in `call'
railties (5.1.1) lib/rails/engine.rb:522:in `call'
puma (3.9.1) lib/puma/configuration.rb:224:in `call'
puma (3.9.1) lib/puma/server.rb:602:in `handle_request'
puma (3.9.1) lib/puma/server.rb:435:in `process_client'
puma (3.9.1) lib/puma/server.rb:299:in `block in run'
puma (3.9.1) lib/puma/thread_pool.rb:120:in `block in spawn_thread'
Started GET "/gamess/23" for 127.0.0.1 at 2017-06-13 10:53:11 -0400
  
ActionController::RoutingError (No route matches [GET] "/gamess/23"):
  
actionpack (5.1.1) lib/action_dispatch/middleware/debug_exceptions.rb:63:in `call'
actionpack (5.1.1) lib/action_dispatch/middleware/show_exceptions.rb:31:in `call'
railties (5.1.1) lib/rails/rack/logger.rb:36:in `call_app'
railties (5.1.1) lib/rails/rack/logger.rb:24:in `block in call'
activesupport (5.1.1) lib/active_support/tagged_logging.rb:69:in `block in tagged'
activesupport (5.1.1) lib/active_support/tagged_logging.rb:26:in `tagged'
activesupport (5.1.1) lib/active_support/tagged_logging.rb:69:in `tagged'
railties (5.1.1) lib/rails/rack/logger.rb:24:in `call'
actionpack (5.1.1) lib/action_dispatch/middleware/remote_ip.rb:79:in `call'
actionpack (5.1.1) lib/action_dispatch/middleware/request_id.rb:25:in `call'
rack (2.0.3) lib/rack/runtime.rb:22:in `call'
activesupport (5.1.1) lib/active_support/cache/strategy/local_cache_middleware.rb:27:in `call'
actionpack (5.1.1) lib/action_dispatch/middleware/executor.rb:12:in `call'
actionpack (5.1.1) lib/action_dispatch/middleware/static.rb:125:in `call'
rack (2.0.3) lib/rack/sendfile.rb:111:in `call'
railties (5.1.1) lib/rails/engine.rb:522:in `call'
puma (3.9.1) lib/puma/configuration.rb:224:in `call'
puma (3.9.1) lib/puma/server.rb:602:in `handle_request'
puma (3.9.1) lib/puma/server.rb:435:in `process_client'
puma (3.9.1) lib/puma/server.rb:299:in `block in run'
puma (3.9.1) lib/puma/thread_pool.rb:120:in `block in spawn_thread'
Started GET "/games/23" for 127.0.0.1 at 2017-06-13 10:53:15 -0400
Processing by GamesController#show as HTML
  Parameters: {"id"=>"23"}
  [1m[36mGame Load (0.5ms)[0m  [1m[34mSELECT  "games".* FROM "games" WHERE "games"."id" = $1 LIMIT $2[0m  [["id", 23], ["LIMIT", 1]]
Completed 404 Not Found in 32ms (Views: 0.4ms | ActiveRecord: 12.5ms)


Started GET "/games/23" for 127.0.0.1 at 2017-06-13 11:09:50 -0400
  [1m[35m (7.0ms)[0m  [1m[34mSELECT "schema_migrations"."version" FROM "schema_migrations" ORDER BY "schema_migrations"."version" ASC[0m
  
SyntaxError (/Users/student/GA/projects/unit04/finalproject/gametrackerapp/app/controllers/games_controller.rb:32: syntax error, unexpected end-of-input, expecting keyword_end):
  
app/controllers/games_controller.rb:32: syntax error, unexpected end-of-input, expecting keyword_end
Started GET "/games/23" for 127.0.0.1 at 2017-06-13 11:10:28 -0400
  
SyntaxError (/Users/student/GA/projects/unit04/finalproject/gametrackerapp/app/controllers/games_controller.rb:33: syntax error, unexpected end-of-input, expecting keyword_end):
  
app/controllers/games_controller.rb:33: syntax error, unexpected end-of-input, expecting keyword_end
Started GET "/games/2" for 127.0.0.1 at 2017-06-13 11:12:54 -0400
  
SyntaxError (/Users/student/GA/projects/unit04/finalproject/gametrackerapp/app/controllers/games_controller.rb:32: syntax error, unexpected end-of-input, expecting keyword_end):
  
app/controllers/games_controller.rb:32: syntax error, unexpected end-of-input, expecting keyword_end
Started GET "/games/2" for 127.0.0.1 at 2017-06-13 11:13:42 -0400
  
SyntaxError (/Users/student/GA/projects/unit04/finalproject/gametrackerapp/app/controllers/games_controller.rb:30: syntax error, unexpected end-of-input, expecting keyword_end):
  
app/controllers/games_controller.rb:30: syntax error, unexpected end-of-input, expecting keyword_end
Started GET "/games/2" for 127.0.0.1 at 2017-06-13 11:13:57 -0400
  
SyntaxError (/Users/student/GA/projects/unit04/finalproject/gametrackerapp/app/controllers/games_controller.rb:29: syntax error, unexpected end-of-input, expecting keyword_end):
  
app/controllers/games_controller.rb:29: syntax error, unexpected end-of-input, expecting keyword_end
Started GET "/games/2" for 127.0.0.1 at 2017-06-13 11:14:21 -0400
  
SyntaxError (/Users/student/GA/projects/unit04/finalproject/gametrackerapp/app/controllers/games_controller.rb:26: syntax error, unexpected end-of-input, expecting keyword_end):
  
app/controllers/games_controller.rb:26: syntax error, unexpected end-of-input, expecting keyword_end
Started GET "/games/2" for 127.0.0.1 at 2017-06-13 11:14:49 -0400
  
SyntaxError (/Users/student/GA/projects/unit04/finalproject/gametrackerapp/app/controllers/games_controller.rb:32: syntax error, unexpected end-of-input, expecting keyword_end):
  
app/controllers/games_controller.rb:32: syntax error, unexpected end-of-input, expecting keyword_end
Started GET "/games/2" for 127.0.0.1 at 2017-06-13 11:15:14 -0400
Processing by GamesController#show as HTML
  Parameters: {"id"=>"2"}
  [1m[36mGame Load (0.6ms)[0m  [1m[34mSELECT  "games".* FROM "games" WHERE "games"."id" = $1 LIMIT $2[0m  [["id", 2], ["LIMIT", 1]]
Completed 200 OK in 81ms (Views: 2.8ms | ActiveRecord: 11.5ms)


Started GET "/games/2" for 127.0.0.1 at 2017-06-13 11:15:24 -0400
Processing by GamesController#show as HTML
  Parameters: {"id"=>"2"}
  [1m[36mGame Load (1.1ms)[0m  [1m[34mSELECT  "games".* FROM "games" WHERE "games"."id" = $1 LIMIT $2[0m  [["id", 2], ["LIMIT", 1]]
Completed 500 Internal Server Error in 179ms (Views: 1.1ms | ActiveRecord: 1.1ms)


  
NameError (undefined local variable or method `private' for #<GamesController:0x007f8180d41af8>
Did you mean?  print):
  
app/controllers/games_controller.rb:28:in `show'
Started GET "/games/2" for 127.0.0.1 at 2017-06-13 11:15:51 -0400
Processing by GamesController#show as HTML
  Parameters: {"id"=>"2"}
  [1m[36mGame Load (0.4ms)[0m  [1m[34mSELECT  "games".* FROM "games" WHERE "games"."id" = $1 LIMIT $2[0m  [["id", 2], ["LIMIT", 1]]
Completed 500 Internal Server Error in 199ms (Views: 1.5ms | ActiveRecord: 0.4ms)


  
NameError (undefined local variable or method `private' for #<GamesController:0x007f8180c361b8>
Did you mean?  print):
  
app/controllers/games_controller.rb:28:in `show'
Started GET "/games/2" for 127.0.0.1 at 2017-06-13 11:18:23 -0400
Processing by GamesController#show as HTML
  Parameters: {"id"=>"2"}
  [1m[36mGame Load (1.3ms)[0m  [1m[34mSELECT  "games".* FROM "games" WHERE "games"."id" = $1 LIMIT $2[0m  [["id", 2], ["LIMIT", 1]]
Completed 200 OK in 44ms (Views: 2.0ms | ActiveRecord: 1.3ms)


Started GET "/games/" for 127.0.0.1 at 2017-06-13 11:18:32 -0400
Processing by GamesController#index as HTML
  [1m[36mGame Load (1.7ms)[0m  [1m[34mSELECT "games".* FROM "games"[0m
Completed 200 OK in 5ms (Views: 2.9ms | ActiveRecord: 1.7ms)


Started GET "/" for 127.0.0.1 at 2017-06-13 11:18:38 -0400
Processing by GamesController#root as HTML
Completed 200 OK in 0ms (Views: 0.1ms | ActiveRecord: 0.0ms)


Started GET "/games" for 127.0.0.1 at 2017-06-13 11:18:55 -0400
Processing by GamesController#index as HTML
  [1m[36mGame Load (0.4ms)[0m  [1m[34mSELECT "games".* FROM "games"[0m
Completed 200 OK in 4ms (Views: 2.9ms | ActiveRecord: 0.4ms)


  [1m[36mGame Load (0.4ms)[0m  [1m[34mSELECT  "games".* FROM "games" LIMIT $1[0m  [["LIMIT", 11]]
Started GET "/games" for 127.0.0.1 at 2017-06-13 12:08:50 -0400
  [1m[35m (6.4ms)[0m  [1m[34mSELECT "schema_migrations"."version" FROM "schema_migrations" ORDER BY "schema_migrations"."version" ASC[0m
Processing by GamesController#index as HTML
  [1m[36mGame Load (1.0ms)[0m  [1m[34mSELECT "games".* FROM "games"[0m
Completed 200 OK in 44ms (Views: 19.9ms | ActiveRecord: 7.2ms)


Started GET "/games/" for 127.0.0.1 at 2017-06-13 12:23:27 -0400
Processing by GamesController#index as HTML
  [1m[36mGame Load (0.7ms)[0m  [1m[34mSELECT "games".* FROM "games"[0m
Completed 200 OK in 42ms (Views: 25.1ms | ActiveRecord: 0.7ms)


Started GET "/games/2" for 127.0.0.1 at 2017-06-13 12:23:41 -0400
Processing by GamesController#show as HTML
  Parameters: {"id"=>"2"}
  [1m[36mGame Load (0.7ms)[0m  [1m[34mSELECT  "games".* FROM "games" WHERE "games"."id" = $1 LIMIT $2[0m  [["id", 2], ["LIMIT", 1]]
Completed 200 OK in 10ms (Views: 0.8ms | ActiveRecord: 1.0ms)


Started GET "/games/2" for 127.0.0.1 at 2017-06-13 12:34:00 -0400
  [1m[35m (6.7ms)[0m  [1m[34mSELECT "schema_migrations"."version" FROM "schema_migrations" ORDER BY "schema_migrations"."version" ASC[0m
Processing by GamesController#show as HTML
  Parameters: {"id"=>"2"}
  [1m[36mGame Load (0.5ms)[0m  [1m[34mSELECT  "games".* FROM "games" WHERE "games"."id" = $1 LIMIT $2[0m  [["id", 2], ["LIMIT", 1]]
Completed 200 OK in 49ms (Views: 0.9ms | ActiveRecord: 7.5ms)


Started GET "/games/2/edit" for 127.0.0.1 at 2017-06-13 12:35:26 -0400
  
ActionController::RoutingError (No route matches [GET] "/games/2/edit"):
  
actionpack (5.1.1) lib/action_dispatch/middleware/debug_exceptions.rb:63:in `call'
actionpack (5.1.1) lib/action_dispatch/middleware/show_exceptions.rb:31:in `call'
railties (5.1.1) lib/rails/rack/logger.rb:36:in `call_app'
railties (5.1.1) lib/rails/rack/logger.rb:24:in `block in call'
activesupport (5.1.1) lib/active_support/tagged_logging.rb:69:in `block in tagged'
activesupport (5.1.1) lib/active_support/tagged_logging.rb:26:in `tagged'
activesupport (5.1.1) lib/active_support/tagged_logging.rb:69:in `tagged'
railties (5.1.1) lib/rails/rack/logger.rb:24:in `call'
actionpack (5.1.1) lib/action_dispatch/middleware/remote_ip.rb:79:in `call'
actionpack (5.1.1) lib/action_dispatch/middleware/request_id.rb:25:in `call'
rack (2.0.3) lib/rack/runtime.rb:22:in `call'
activesupport (5.1.1) lib/active_support/cache/strategy/local_cache_middleware.rb:27:in `call'
actionpack (5.1.1) lib/action_dispatch/middleware/executor.rb:12:in `call'
actionpack (5.1.1) lib/action_dispatch/middleware/static.rb:125:in `call'
rack (2.0.3) lib/rack/sendfile.rb:111:in `call'
railties (5.1.1) lib/rails/engine.rb:522:in `call'
puma (3.9.1) lib/puma/configuration.rb:224:in `call'
puma (3.9.1) lib/puma/server.rb:602:in `handle_request'
puma (3.9.1) lib/puma/server.rb:435:in `process_client'
puma (3.9.1) lib/puma/server.rb:299:in `block in run'
puma (3.9.1) lib/puma/thread_pool.rb:120:in `block in spawn_thread'
Started GET "/" for ::1 at 2017-06-13 14:44:13 -0400
  [1m[35m (11.9ms)[0m  [1m[34mSELECT "schema_migrations"."version" FROM "schema_migrations" ORDER BY "schema_migrations"."version" ASC[0m
Processing by GamesController#root as HTML
Completed 200 OK in 1ms (Views: 0.1ms | ActiveRecord: 0.0ms)


Started GET "/games." for ::1 at 2017-06-13 14:44:22 -0400
  
ActionController::RoutingError (No route matches [GET] "/games."):
  
actionpack (5.1.1) lib/action_dispatch/middleware/debug_exceptions.rb:63:in `call'
actionpack (5.1.1) lib/action_dispatch/middleware/show_exceptions.rb:31:in `call'
railties (5.1.1) lib/rails/rack/logger.rb:36:in `call_app'
railties (5.1.1) lib/rails/rack/logger.rb:24:in `block in call'
activesupport (5.1.1) lib/active_support/tagged_logging.rb:69:in `block in tagged'
activesupport (5.1.1) lib/active_support/tagged_logging.rb:26:in `tagged'
activesupport (5.1.1) lib/active_support/tagged_logging.rb:69:in `tagged'
railties (5.1.1) lib/rails/rack/logger.rb:24:in `call'
actionpack (5.1.1) lib/action_dispatch/middleware/remote_ip.rb:79:in `call'
actionpack (5.1.1) lib/action_dispatch/middleware/request_id.rb:25:in `call'
rack (2.0.3) lib/rack/runtime.rb:22:in `call'
activesupport (5.1.1) lib/active_support/cache/strategy/local_cache_middleware.rb:27:in `call'
actionpack (5.1.1) lib/action_dispatch/middleware/executor.rb:12:in `call'
actionpack (5.1.1) lib/action_dispatch/middleware/static.rb:125:in `call'
rack (2.0.3) lib/rack/sendfile.rb:111:in `call'
railties (5.1.1) lib/rails/engine.rb:522:in `call'
puma (3.9.1) lib/puma/configuration.rb:224:in `call'
puma (3.9.1) lib/puma/server.rb:602:in `handle_request'
puma (3.9.1) lib/puma/server.rb:435:in `process_client'
puma (3.9.1) lib/puma/server.rb:299:in `block in run'
puma (3.9.1) lib/puma/thread_pool.rb:120:in `block in spawn_thread'
Started GET "/games" for ::1 at 2017-06-13 14:44:27 -0400
Processing by GamesController#index as HTML
  [1m[36mGame Load (17.2ms)[0m  [1m[34mSELECT "games".* FROM "games"[0m
Completed 200 OK in 106ms (Views: 26.8ms | ActiveRecord: 56.1ms)


Started GET "/games" for ::1 at 2017-06-13 22:56:48 -0400
  [1m[35m (3.4ms)[0m  [1m[34mSELECT "schema_migrations"."version" FROM "schema_migrations" ORDER BY "schema_migrations"."version" ASC[0m
Processing by GamesController#index as HTML
  [1m[36mGame Load (12.9ms)[0m  [1m[34mSELECT "games".* FROM "games"[0m
Completed 200 OK in 72ms (Views: 21.3ms | ActiveRecord: 37.2ms)


Started GET "/" for ::1 at 2017-06-14 10:01:40 -0400
  [1m[35m (1.6ms)[0m  [1m[34mSELECT "schema_migrations"."version" FROM "schema_migrations" ORDER BY "schema_migrations"."version" ASC[0m
Processing by GamesController#root as HTML
Completed 200 OK in 1ms (Views: 0.2ms | ActiveRecord: 0.0ms)


Started GET "/games" for ::1 at 2017-06-14 10:01:46 -0400
Processing by GamesController#index as HTML
  [1m[36mGame Load (7.7ms)[0m  [1m[34mSELECT "games".* FROM "games"[0m
Completed 200 OK in 69ms (Views: 26.0ms | ActiveRecord: 29.1ms)


Started GET "/games/2" for ::1 at 2017-06-14 10:01:57 -0400
Processing by GamesController#show as HTML
  Parameters: {"id"=>"2"}
  [1m[36mGame Load (0.6ms)[0m  [1m[34mSELECT  "games".* FROM "games" WHERE "games"."id" = $1 LIMIT $2[0m  [["id", 2], ["LIMIT", 1]]
Completed 200 OK in 21ms (Views: 1.3ms | ActiveRecord: 6.9ms)


Started GET "/games" for ::1 at 2017-06-14 10:07:51 -0400
Processing by GamesController#index as HTML
  [1m[36mGame Load (34.2ms)[0m  [1m[34mSELECT "games".* FROM "games"[0m
Completed 200 OK in 102ms (Views: 61.4ms | ActiveRecord: 34.2ms)


Started GET "/games/1" for ::1 at 2017-06-14 10:10:12 -0400
Processing by GamesController#show as HTML
  Parameters: {"id"=>"1"}
  [1m[36mGame Load (9.5ms)[0m  [1m[34mSELECT  "games".* FROM "games" WHERE "games"."id" = $1 LIMIT $2[0m  [["id", 1], ["LIMIT", 1]]
Completed 200 OK in 36ms (Views: 7.2ms | ActiveRecord: 9.5ms)


Started GET "/" for ::1 at 2017-06-14 23:51:17 -0400
  [1m[35m (2.2ms)[0m  [1m[34mSELECT "schema_migrations"."version" FROM "schema_migrations" ORDER BY "schema_migrations"."version" ASC[0m
  
LoadError (cannot load such file -- Httparty):
  
app/controllers/games_controller.rb:2:in `<class:GamesController>'
app/controllers/games_controller.rb:1:in `<top (required)>'
Started GET "/" for ::1 at 2017-06-14 23:52:10 -0400
  
LoadError (cannot load such file -- Httparty):
  
app/controllers/games_controller.rb:3:in `<class:GamesController>'
app/controllers/games_controller.rb:1:in `<top (required)>'
Started GET "/" for ::1 at 2017-06-14 23:52:47 -0400
  
LoadError (cannot load such file -- Httparty):
  
app/controllers/games_controller.rb:1:in `<top (required)>'
Started GET "/" for ::1 at 2017-06-14 23:54:56 -0400
  [1m[35m (6.9ms)[0m  [1m[34mSELECT "schema_migrations"."version" FROM "schema_migrations" ORDER BY "schema_migrations"."version" ASC[0m
  
LoadError (cannot load such file -- Httparty):
  
app/controllers/games_controller.rb:3:in `<class:GamesController>'
app/controllers/games_controller.rb:1:in `<top (required)>'
Started GET "/" for ::1 at 2017-06-14 23:58:29 -0400
  
LoadError (cannot load such file -- httparty):
  
app/controllers/games_controller.rb:3:in `<class:GamesController>'
app/controllers/games_controller.rb:1:in `<top (required)>'
Started GET "/" for ::1 at 2017-06-14 23:58:46 -0400
Processing by GamesController#root as HTML
Completed 200 OK in 1ms (Views: 0.3ms | ActiveRecord: 0.0ms)


Started GET "/games" for ::1 at 2017-06-15 00:05:28 -0400
Processing by GamesController#index as HTML
  [1m[36mGame Load (21.2ms)[0m  [1m[34mSELECT "games".* FROM "games"[0m
Completed 200 OK in 111ms (Views: 31.2ms | ActiveRecord: 46.8ms)


Started GET "/games" for ::1 at 2017-06-15 00:05:46 -0400
Processing by GamesController#index as HTML
  [1m[36mGame Load (0.4ms)[0m  [1m[34mSELECT "games".* FROM "games"[0m
Completed 200 OK in 46ms (Views: 32.5ms | ActiveRecord: 0.4ms)


Started GET "/games" for ::1 at 2017-06-15 00:06:12 -0400
  
LoadError (cannot load such file -- httparty):
  
app/controllers/games_controller.rb:1:in `<top (required)>'
Started GET "/games" for ::1 at 2017-06-15 00:06:24 -0400
  
LoadError (cannot load such file -- Httparty):
  
app/controllers/games_controller.rb:1:in `<top (required)>'
Started GET "/games" for ::1 at 2017-06-15 00:11:36 -0400
  [1m[35m (7.7ms)[0m  [1m[34mSELECT "schema_migrations"."version" FROM "schema_migrations" ORDER BY "schema_migrations"."version" ASC[0m
  
LoadError (cannot load such file -- Httparty):
  
app/controllers/games_controller.rb:1:in `<top (required)>'
Started GET "/games" for ::1 at 2017-06-15 00:11:40 -0400
  
LoadError (cannot load such file -- Httparty):
  
app/controllers/games_controller.rb:1:in `<top (required)>'
Started GET "/games" for ::1 at 2017-06-15 00:11:55 -0400
  
ActionController::RoutingError (undefined method `import' for main:Object):
  
app/controllers/games_controller.rb:1:in `<top (required)>'
Started GET "/" for ::1 at 2017-06-15 00:12:24 -0400
  
LoadError (cannot load such file -- httparty):
  
app/controllers/games_controller.rb:1:in `<top (required)>'
Started GET "/" for ::1 at 2017-06-15 00:12:48 -0400
  
LoadError (cannot load such file -- httparty):
  
app/controllers/games_controller.rb:1:in `<top (required)>'
Started GET "/" for ::1 at 2017-06-15 00:13:13 -0400
  
LoadError (cannot load such file -- Httparty):
  
app/controllers/games_controller.rb:1:in `<top (required)>'
Started GET "/" for ::1 at 2017-06-15 00:14:26 -0400
  
ActionController::RoutingError (uninitialized constant HTTParty):
  
app/controllers/games_controller.rb:1:in `<top (required)>'
Started GET "/" for ::1 at 2017-06-15 00:14:54 -0400
  
ActionController::RoutingError (uninitialized constant GamesController::HTTParty):
  
app/controllers/games_controller.rb:5:in `<class:GamesController>'
app/controllers/games_controller.rb:3:in `<top (required)>'
Started GET "/" for ::1 at 2017-06-15 00:15:18 -0400
  
ActionController::RoutingError (uninitialized constant GamesController::HTTParty):
  
app/controllers/games_controller.rb:5:in `<class:GamesController>'
app/controllers/games_controller.rb:3:in `<top (required)>'
Started GET "/" for ::1 at 2017-06-15 00:21:09 -0400
  [1m[35m (6.6ms)[0m  [1m[34mSELECT "schema_migrations"."version" FROM "schema_migrations" ORDER BY "schema_migrations"."version" ASC[0m
Processing by GamesController#root as HTML
Completed 200 OK in 1ms (Views: 0.2ms | ActiveRecord: 0.0ms)


Started GET "/games" for ::1 at 2017-06-15 00:21:26 -0400
Processing by GamesController#index as HTML
  [1m[36mGame Load (1.3ms)[0m  [1m[34mSELECT "games".* FROM "games"[0m
Completed 200 OK in 86ms (Views: 58.7ms | ActiveRecord: 17.2ms)


Started GET "/games" for ::1 at 2017-06-15 00:21:51 -0400
Processing by GamesController#index as HTML
  [1m[36mGame Load (1.1ms)[0m  [1m[34mSELECT "games".* FROM "games"[0m
Completed 200 OK in 29ms (Views: 14.6ms | ActiveRecord: 7.7ms)


Started GET "/" for ::1 at 2017-06-15 00:23:45 -0400
  
AbstractController::ActionNotFound (The action 'root' could not be found for GamesController):
  
actionpack (5.1.1) lib/abstract_controller/base.rb:119:in `process'
actionpack (5.1.1) lib/action_controller/metal.rb:189:in `dispatch'
actionpack (5.1.1) lib/action_controller/metal.rb:253:in `dispatch'
actionpack (5.1.1) lib/action_dispatch/routing/route_set.rb:49:in `dispatch'
actionpack (5.1.1) lib/action_dispatch/routing/route_set.rb:31:in `serve'
actionpack (5.1.1) lib/action_dispatch/journey/router.rb:46:in `block in serve'
actionpack (5.1.1) lib/action_dispatch/journey/router.rb:33:in `each'
actionpack (5.1.1) lib/action_dispatch/journey/router.rb:33:in `serve'
actionpack (5.1.1) lib/action_dispatch/routing/route_set.rb:832:in `call'
rack (2.0.3) lib/rack/etag.rb:25:in `call'
rack (2.0.3) lib/rack/conditional_get.rb:25:in `call'
rack (2.0.3) lib/rack/head.rb:12:in `call'
activerecord (5.1.1) lib/active_record/migration.rb:556:in `call'
actionpack (5.1.1) lib/action_dispatch/middleware/callbacks.rb:26:in `block in call'
activesupport (5.1.1) lib/active_support/callbacks.rb:97:in `run_callbacks'
actionpack (5.1.1) lib/action_dispatch/middleware/callbacks.rb:24:in `call'
actionpack (5.1.1) lib/action_dispatch/middleware/executor.rb:12:in `call'
actionpack (5.1.1) lib/action_dispatch/middleware/debug_exceptions.rb:59:in `call'
actionpack (5.1.1) lib/action_dispatch/middleware/show_exceptions.rb:31:in `call'
railties (5.1.1) lib/rails/rack/logger.rb:36:in `call_app'
railties (5.1.1) lib/rails/rack/logger.rb:24:in `block in call'
activesupport (5.1.1) lib/active_support/tagged_logging.rb:69:in `block in tagged'
activesupport (5.1.1) lib/active_support/tagged_logging.rb:26:in `tagged'
activesupport (5.1.1) lib/active_support/tagged_logging.rb:69:in `tagged'
railties (5.1.1) lib/rails/rack/logger.rb:24:in `call'
actionpack (5.1.1) lib/action_dispatch/middleware/remote_ip.rb:79:in `call'
actionpack (5.1.1) lib/action_dispatch/middleware/request_id.rb:25:in `call'
rack (2.0.3) lib/rack/runtime.rb:22:in `call'
activesupport (5.1.1) lib/active_support/cache/strategy/local_cache_middleware.rb:27:in `call'
actionpack (5.1.1) lib/action_dispatch/middleware/executor.rb:12:in `call'
actionpack (5.1.1) lib/action_dispatch/middleware/static.rb:125:in `call'
rack (2.0.3) lib/rack/sendfile.rb:111:in `call'
railties (5.1.1) lib/rails/engine.rb:522:in `call'
puma (3.9.1) lib/puma/configuration.rb:224:in `call'
puma (3.9.1) lib/puma/server.rb:602:in `handle_request'
puma (3.9.1) lib/puma/server.rb:435:in `process_client'
puma (3.9.1) lib/puma/server.rb:299:in `block in run'
puma (3.9.1) lib/puma/thread_pool.rb:120:in `block in spawn_thread'
Started GET "/" for ::1 at 2017-06-15 00:23:59 -0400
Processing by GamesController#root as HTML
Completed 200 OK in 627ms (Views: 1.8ms | ActiveRecord: 0.0ms)


Started GET "/" for ::1 at 2017-06-15 00:25:07 -0400
Processing by GamesController#root as HTML
Completed 200 OK in 172ms (Views: 12.7ms | ActiveRecord: 0.0ms)


Started GET "/Gran%20Turismo%207%20is%20an%20upcoming%20racing%20video%20game%20developed%20by%20Polyphony%20Digital.%20It%20will%20be%20the%20seventh%20major%20release%20and%20thirteenth%20game%20overall%20in%20the%20Gran%20Turismo%20video%20game%20series.%20Series%20creator%20Kazunori%20Yamauchi%20has%20hinted%20a%202016%20release%20for%20the%20game." for 127.0.0.1 at 2017-06-15 21:08:55 -0400
  [1m[35m (2.9ms)[0m  [1m[34mSELECT "schema_migrations"."version" FROM "schema_migrations" ORDER BY "schema_migrations"."version" ASC[0m
  
ActionController::RoutingError (No route matches [GET] "/Gran%20Turismo%207%20is%20an%20upcoming%20racing%20video%20game%20developed%20by%20Polyphony%20Digital.%20It%20will%20be%20the%20seventh%20major%20release%20and%20thirteenth%20game%20overall%20in%20the%20Gran%20Turismo%20video%20game%20series.%20Series%20creator%20Kazunori%20Yamauchi%20has%20hinted%20a%202016%20release%20for%20the%20game."):
  
actionpack (5.1.1) lib/action_dispatch/middleware/debug_exceptions.rb:63:in `call'
actionpack (5.1.1) lib/action_dispatch/middleware/show_exceptions.rb:31:in `call'
railties (5.1.1) lib/rails/rack/logger.rb:36:in `call_app'
railties (5.1.1) lib/rails/rack/logger.rb:24:in `block in call'
activesupport (5.1.1) lib/active_support/tagged_logging.rb:69:in `block in tagged'
activesupport (5.1.1) lib/active_support/tagged_logging.rb:26:in `tagged'
activesupport (5.1.1) lib/active_support/tagged_logging.rb:69:in `tagged'
railties (5.1.1) lib/rails/rack/logger.rb:24:in `call'
actionpack (5.1.1) lib/action_dispatch/middleware/remote_ip.rb:79:in `call'
actionpack (5.1.1) lib/action_dispatch/middleware/request_id.rb:25:in `call'
rack (2.0.3) lib/rack/runtime.rb:22:in `call'
activesupport (5.1.1) lib/active_support/cache/strategy/local_cache_middleware.rb:27:in `call'
actionpack (5.1.1) lib/action_dispatch/middleware/executor.rb:12:in `call'
actionpack (5.1.1) lib/action_dispatch/middleware/static.rb:125:in `call'
rack (2.0.3) lib/rack/sendfile.rb:111:in `call'
railties (5.1.1) lib/rails/engine.rb:522:in `call'
puma (3.9.1) lib/puma/configuration.rb:224:in `call'
puma (3.9.1) lib/puma/server.rb:602:in `handle_request'
puma (3.9.1) lib/puma/server.rb:435:in `process_client'
puma (3.9.1) lib/puma/server.rb:299:in `block in run'
puma (3.9.1) lib/puma/thread_pool.rb:120:in `block in spawn_thread'
Started GET "/https/:/images.igdb.com/igdb/image/upload/t_thumb/ho65fyaeo1q5rcoc7abf.jpg%7D" for 127.0.0.1 at 2017-06-15 21:32:46 -0400
  
ActionController::RoutingError (No route matches [GET] "/https/:/images.igdb.com/igdb/image/upload/t_thumb/ho65fyaeo1q5rcoc7abf.jpg%7D"):
  
actionpack (5.1.1) lib/action_dispatch/middleware/debug_exceptions.rb:63:in `call'
actionpack (5.1.1) lib/action_dispatch/middleware/show_exceptions.rb:31:in `call'
railties (5.1.1) lib/rails/rack/logger.rb:36:in `call_app'
railties (5.1.1) lib/rails/rack/logger.rb:24:in `block in call'
activesupport (5.1.1) lib/active_support/tagged_logging.rb:69:in `block in tagged'
activesupport (5.1.1) lib/active_support/tagged_logging.rb:26:in `tagged'
activesupport (5.1.1) lib/active_support/tagged_logging.rb:69:in `tagged'
railties (5.1.1) lib/rails/rack/logger.rb:24:in `call'
actionpack (5.1.1) lib/action_dispatch/middleware/remote_ip.rb:79:in `call'
actionpack (5.1.1) lib/action_dispatch/middleware/request_id.rb:25:in `call'
rack (2.0.3) lib/rack/runtime.rb:22:in `call'
activesupport (5.1.1) lib/active_support/cache/strategy/local_cache_middleware.rb:27:in `call'
actionpack (5.1.1) lib/action_dispatch/middleware/executor.rb:12:in `call'
actionpack (5.1.1) lib/action_dispatch/middleware/static.rb:125:in `call'
rack (2.0.3) lib/rack/sendfile.rb:111:in `call'
railties (5.1.1) lib/rails/engine.rb:522:in `call'
puma (3.9.1) lib/puma/configuration.rb:224:in `call'
puma (3.9.1) lib/puma/server.rb:602:in `handle_request'
puma (3.9.1) lib/puma/server.rb:435:in `process_client'
puma (3.9.1) lib/puma/server.rb:299:in `block in run'
puma (3.9.1) lib/puma/thread_pool.rb:120:in `block in spawn_thread'
Started GET "/https/:/images.igdb.com/igdb/image/upload/t_thumb/y55o96q9u0zdbw2brb96.jpg%7D" for 127.0.0.1 at 2017-06-15 21:33:16 -0400
  
ActionController::RoutingError (No route matches [GET] "/https/:/images.igdb.com/igdb/image/upload/t_thumb/y55o96q9u0zdbw2brb96.jpg%7D"):
  
actionpack (5.1.1) lib/action_dispatch/middleware/debug_exceptions.rb:63:in `call'
actionpack (5.1.1) lib/action_dispatch/middleware/show_exceptions.rb:31:in `call'
railties (5.1.1) lib/rails/rack/logger.rb:36:in `call_app'
railties (5.1.1) lib/rails/rack/logger.rb:24:in `block in call'
activesupport (5.1.1) lib/active_support/tagged_logging.rb:69:in `block in tagged'
activesupport (5.1.1) lib/active_support/tagged_logging.rb:26:in `tagged'
activesupport (5.1.1) lib/active_support/tagged_logging.rb:69:in `tagged'
railties (5.1.1) lib/rails/rack/logger.rb:24:in `call'
actionpack (5.1.1) lib/action_dispatch/middleware/remote_ip.rb:79:in `call'
actionpack (5.1.1) lib/action_dispatch/middleware/request_id.rb:25:in `call'
rack (2.0.3) lib/rack/runtime.rb:22:in `call'
activesupport (5.1.1) lib/active_support/cache/strategy/local_cache_middleware.rb:27:in `call'
actionpack (5.1.1) lib/action_dispatch/middleware/executor.rb:12:in `call'
actionpack (5.1.1) lib/action_dispatch/middleware/static.rb:125:in `call'
rack (2.0.3) lib/rack/sendfile.rb:111:in `call'
railties (5.1.1) lib/rails/engine.rb:522:in `call'
puma (3.9.1) lib/puma/configuration.rb:224:in `call'
puma (3.9.1) lib/puma/server.rb:602:in `handle_request'
puma (3.9.1) lib/puma/server.rb:435:in `process_client'
puma (3.9.1) lib/puma/server.rb:299:in `block in run'
puma (3.9.1) lib/puma/thread_pool.rb:120:in `block in spawn_thread'
Started GET "/" for ::1 at 2017-06-16 01:10:59 -0400
  
AbstractController::ActionNotFound (The action 'root' could not be found for GamesController):
  
actionpack (5.1.1) lib/abstract_controller/base.rb:119:in `process'
actionpack (5.1.1) lib/action_controller/metal.rb:189:in `dispatch'
actionpack (5.1.1) lib/action_controller/metal.rb:253:in `dispatch'
actionpack (5.1.1) lib/action_dispatch/routing/route_set.rb:49:in `dispatch'
actionpack (5.1.1) lib/action_dispatch/routing/route_set.rb:31:in `serve'
actionpack (5.1.1) lib/action_dispatch/journey/router.rb:46:in `block in serve'
actionpack (5.1.1) lib/action_dispatch/journey/router.rb:33:in `each'
actionpack (5.1.1) lib/action_dispatch/journey/router.rb:33:in `serve'
actionpack (5.1.1) lib/action_dispatch/routing/route_set.rb:832:in `call'
rack (2.0.3) lib/rack/etag.rb:25:in `call'
rack (2.0.3) lib/rack/conditional_get.rb:25:in `call'
rack (2.0.3) lib/rack/head.rb:12:in `call'
activerecord (5.1.1) lib/active_record/migration.rb:556:in `call'
actionpack (5.1.1) lib/action_dispatch/middleware/callbacks.rb:26:in `block in call'
activesupport (5.1.1) lib/active_support/callbacks.rb:97:in `run_callbacks'
actionpack (5.1.1) lib/action_dispatch/middleware/callbacks.rb:24:in `call'
actionpack (5.1.1) lib/action_dispatch/middleware/executor.rb:12:in `call'
actionpack (5.1.1) lib/action_dispatch/middleware/debug_exceptions.rb:59:in `call'
actionpack (5.1.1) lib/action_dispatch/middleware/show_exceptions.rb:31:in `call'
railties (5.1.1) lib/rails/rack/logger.rb:36:in `call_app'
railties (5.1.1) lib/rails/rack/logger.rb:24:in `block in call'
activesupport (5.1.1) lib/active_support/tagged_logging.rb:69:in `block in tagged'
activesupport (5.1.1) lib/active_support/tagged_logging.rb:26:in `tagged'
activesupport (5.1.1) lib/active_support/tagged_logging.rb:69:in `tagged'
railties (5.1.1) lib/rails/rack/logger.rb:24:in `call'
actionpack (5.1.1) lib/action_dispatch/middleware/remote_ip.rb:79:in `call'
actionpack (5.1.1) lib/action_dispatch/middleware/request_id.rb:25:in `call'
rack (2.0.3) lib/rack/runtime.rb:22:in `call'
activesupport (5.1.1) lib/active_support/cache/strategy/local_cache_middleware.rb:27:in `call'
actionpack (5.1.1) lib/action_dispatch/middleware/executor.rb:12:in `call'
actionpack (5.1.1) lib/action_dispatch/middleware/static.rb:125:in `call'
rack (2.0.3) lib/rack/sendfile.rb:111:in `call'
railties (5.1.1) lib/rails/engine.rb:522:in `call'
puma (3.9.1) lib/puma/configuration.rb:224:in `call'
puma (3.9.1) lib/puma/server.rb:602:in `handle_request'
puma (3.9.1) lib/puma/server.rb:435:in `process_client'
puma (3.9.1) lib/puma/server.rb:299:in `block in run'
puma (3.9.1) lib/puma/thread_pool.rb:120:in `block in spawn_thread'
Started GET "/" for ::1 at 2017-06-16 01:11:26 -0400
Processing by GamesController#root as HTML
Completed 200 OK in 1ms (Views: 0.3ms | ActiveRecord: 0.0ms)


Started GET "/games" for ::1 at 2017-06-16 01:12:05 -0400
Processing by GamesController#index as HTML
  [1m[36mGame Load (47.0ms)[0m  [1m[34mSELECT "games".* FROM "games"[0m
Completed 200 OK in 183ms (Views: 44.7ms | ActiveRecord: 119.8ms)


  [1m[36mGame Load (1.1ms)[0m  [1m[34mSELECT  "games".* FROM "games" ORDER BY "games"."id" ASC LIMIT $1[0m  [["LIMIT", 1]]
Started GET "/games" for ::1 at 2017-06-16 01:34:17 -0400
  [1m[35m (12.5ms)[0m  [1m[34mSELECT "schema_migrations"."version" FROM "schema_migrations" ORDER BY "schema_migrations"."version" ASC[0m
Processing by GamesController#index as HTML
  [1m[36mGame Load (1.0ms)[0m  [1m[34mSELECT "games".* FROM "games"[0m
Completed 200 OK in 40ms (Views: 15.7ms | ActiveRecord: 13.8ms)


Started GET "/games" for ::1 at 2017-06-16 09:27:09 -0400
  [1m[35m (3.3ms)[0m  [1m[34mSELECT "schema_migrations"."version" FROM "schema_migrations" ORDER BY "schema_migrations"."version" ASC[0m
Processing by GamesController#index as HTML
  [1m[36mGame Load (13.1ms)[0m  [1m[34mSELECT "games".* FROM "games"[0m
Completed 200 OK in 51ms (Views: 15.7ms | ActiveRecord: 26.3ms)


Started GET "/games" for ::1 at 2017-06-16 09:38:21 -0400
Processing by GamesController#index as HTML
  [1m[36mGame Load (1.2ms)[0m  [1m[34mSELECT "games".* FROM "games"[0m
Completed 200 OK in 53ms (Views: 36.1ms | ActiveRecord: 12.3ms)


Started GET "/games/2" for ::1 at 2017-06-16 09:38:24 -0400
Processing by GamesController#show as HTML
  Parameters: {"id"=>"2"}
  [1m[36mGame Load (0.6ms)[0m  [1m[34mSELECT  "games".* FROM "games" WHERE "games"."id" = $1 LIMIT $2[0m  [["id", 2], ["LIMIT", 1]]
Completed 200 OK in 29ms (Views: 1.0ms | ActiveRecord: 7.2ms)


Started OPTIONS "/games" for ::1 at 2017-06-16 09:53:24 -0400
  [1m[35m (2.1ms)[0m  [1m[34mSELECT "schema_migrations"."version" FROM "schema_migrations" ORDER BY "schema_migrations"."version" ASC[0m
  
ActionController::RoutingError (No route matches [OPTIONS] "/games"):
  
actionpack (5.1.1) lib/action_dispatch/middleware/debug_exceptions.rb:63:in `call'
actionpack (5.1.1) lib/action_dispatch/middleware/show_exceptions.rb:31:in `call'
railties (5.1.1) lib/rails/rack/logger.rb:36:in `call_app'
railties (5.1.1) lib/rails/rack/logger.rb:24:in `block in call'
activesupport (5.1.1) lib/active_support/tagged_logging.rb:69:in `block in tagged'
activesupport (5.1.1) lib/active_support/tagged_logging.rb:26:in `tagged'
activesupport (5.1.1) lib/active_support/tagged_logging.rb:69:in `tagged'
railties (5.1.1) lib/rails/rack/logger.rb:24:in `call'
actionpack (5.1.1) lib/action_dispatch/middleware/remote_ip.rb:79:in `call'
actionpack (5.1.1) lib/action_dispatch/middleware/request_id.rb:25:in `call'
rack (2.0.3) lib/rack/runtime.rb:22:in `call'
activesupport (5.1.1) lib/active_support/cache/strategy/local_cache_middleware.rb:27:in `call'
actionpack (5.1.1) lib/action_dispatch/middleware/executor.rb:12:in `call'
actionpack (5.1.1) lib/action_dispatch/middleware/static.rb:125:in `call'
rack (2.0.3) lib/rack/sendfile.rb:111:in `call'
rack-cors (0.4.1) lib/rack/cors.rb:81:in `call'
railties (5.1.1) lib/rails/engine.rb:522:in `call'
puma (3.9.1) lib/puma/configuration.rb:224:in `call'
puma (3.9.1) lib/puma/server.rb:602:in `handle_request'
puma (3.9.1) lib/puma/server.rb:435:in `process_client'
puma (3.9.1) lib/puma/server.rb:299:in `block in run'
puma (3.9.1) lib/puma/thread_pool.rb:120:in `block in spawn_thread'
Started GET "/games" for ::1 at 2017-06-16 10:01:47 -0400
Processing by GamesController#index as HTML
  [1m[36mGame Load (6.0ms)[0m  [1m[34mSELECT "games".* FROM "games"[0m
Completed 200 OK in 154ms (Views: 65.7ms | ActiveRecord: 57.6ms)


Started GET "/games" for ::1 at 2017-06-16 10:13:48 -0400
  [1m[35m (19.9ms)[0m  [1m[34mSELECT "schema_migrations"."version" FROM "schema_migrations" ORDER BY "schema_migrations"."version" ASC[0m
Processing by GamesController#index as HTML
  [1m[36mGame Load (1.1ms)[0m  [1m[34mSELECT "games".* FROM "games"[0m
Completed 200 OK in 74ms (Views: 31.0ms | ActiveRecord: 10.5ms)


Started POST "/games" for 127.0.0.1 at 2017-06-16 10:15:45 -0400
  [1m[35m (7.9ms)[0m  [1m[34mSELECT "schema_migrations"."version" FROM "schema_migrations" ORDER BY "schema_migrations"."version" ASC[0m
Processing by GamesController#create as */*
  Parameters: {"gamename"=>"Gran Turismo 7", "summary"=>"Gran Turismo 7 is an upcoming racing video game developed by Polyphony Digital. It will be the seventh major release and thirteenth game overall in the Gran Turismo video game series. Series creator Kazunori Yamauchi has hinted a 2016 release for the game.", "imageurl"=>"//images.igdb.com/igdb/image/upload/t_thumb/ho65fyaeo1q5rcoc7abf.jpg", "status_id"=>"2", "game"=>{"gamename"=>"Gran Turismo 7", "summary"=>"Gran Turismo 7 is an upcoming racing video game developed by Polyphony Digital. It will be the seventh major release and thirteenth game overall in the Gran Turismo video game series. Series creator Kazunori Yamauchi has hinted a 2016 release for the game.", "imageurl"=>"//images.igdb.com/igdb/image/upload/t_thumb/ho65fyaeo1q5rcoc7abf.jpg", "status_id"=>"2"}}
Unpermitted parameters: :imageurl, :status_id
  [1m[35m (0.3ms)[0m  [1m[35mBEGIN[0m
  [1m[35m (17.8ms)[0m  [1m[31mROLLBACK[0m
  [1m[36mGame Load (1.4ms)[0m  [1m[34mSELECT "games".* FROM "games" ORDER BY "games"."id" ASC[0m
Completed 200 OK in 69ms (Views: 4.7ms | ActiveRecord: 27.4ms)


Started GET "/games" for ::1 at 2017-06-16 10:16:39 -0400
Processing by GamesController#index as HTML
  [1m[36mGame Load (1.2ms)[0m  [1m[34mSELECT "games".* FROM "games"[0m
Completed 200 OK in 65ms (Views: 52.1ms | ActiveRecord: 11.3ms)


Started GET "/games" for 127.0.0.1 at 2017-06-16 10:16:46 -0400
Processing by GamesController#index as */*
  [1m[36mGame Load (0.6ms)[0m  [1m[34mSELECT "games".* FROM "games"[0m
Completed 200 OK in 5ms (Views: 4.1ms | ActiveRecord: 0.6ms)


Started POST "/games" for 127.0.0.1 at 2017-06-16 10:18:52 -0400
Processing by GamesController#create as */*
  Parameters: {"gamename"=>"Yakuza: Kiwami", "summary"=>"Yakuza: Kiwami is an upcoming remake of the 2005 open world action-adventure game Yakuza.", "imageurl"=>"//images.igdb.com/igdb/image/upload/t_thumb/xhy4mnxokbfcn4di4f0x.jpg", "status_id"=>"3", "game"=>{"gamename"=>"Yakuza: Kiwami", "summary"=>"Yakuza: Kiwami is an upcoming remake of the 2005 open world action-adventure game Yakuza.", "imageurl"=>"//images.igdb.com/igdb/image/upload/t_thumb/xhy4mnxokbfcn4di4f0x.jpg", "status_id"=>"3"}}
Unpermitted parameters: :imageurl, :status_id
  [1m[35m (1.3ms)[0m  [1m[35mBEGIN[0m
  [1m[35m (0.5ms)[0m  [1m[31mROLLBACK[0m
  [1m[36mGame Load (1.2ms)[0m  [1m[34mSELECT "games".* FROM "games" ORDER BY "games"."id" ASC[0m
Completed 200 OK in 45ms (Views: 14.0ms | ActiveRecord: 3.1ms)


Started GET "/games" for ::1 at 2017-06-16 10:18:58 -0400
Processing by GamesController#index as HTML
  [1m[36mGame Load (0.5ms)[0m  [1m[34mSELECT "games".* FROM "games"[0m
Completed 200 OK in 4ms (Views: 3.0ms | ActiveRecord: 0.5ms)


Started POST "/games" for 127.0.0.1 at 2017-06-16 10:21:39 -0400
Processing by GamesController#create as */*
  Parameters: {"doGames"=>{"gamename"=>"Grand Theft Auto III", "summary"=>"Featuring a fully 3-D living city, a combination of narrative driven and non-linear gameplay and a completely open environment, Grand Theft Auto III represents a huge leap forward in interactive entertainment. For the first time, players are put at the heart of their very own gangster movie, and let loose in a fully-realised 3 dimensional city, in which anything can happen and probably will. \n \nWith a cast of hundreds, 50 plus vehicles, ranging from sports cars to ice cream trucks and from boats to buses, 3 hours of music, including opera, reggae, house, drum and bass, pop and disco, a huge array of street ready weapons and some of the seediest characters in video game history, Grand Theft Auto 3 is a sprawling epic which will show you that sometimes, crime can pay and sometimes it can pay you back. Available now for PlayStation®2, Xbox, PC and Macintosh.", "rating"=>95, "imageurl"=>"//images.igdb.com/igdb/image/upload/t_thumb/sf9yuzl5yiamivn20eha.jpg", "status_id"=>"3"}, "game"=>{}}
Completed 500 Internal Server Error in 8ms (Views: 2.1ms | ActiveRecord: 0.0ms)


Started POST "/games" for 127.0.0.1 at 2017-06-16 10:24:14 -0400
Processing by GamesController#create as */*
  Parameters: {"doGames"=>{"gamename"=>"Manchester United Europe", "imageurl"=>"//images.igdb.com/igdb/image/upload/t_thumb/crgf0et7pbmfizcrv6tg.jpg", "status_id"=>"3"}, "game"=>{}}
Completed 500 Internal Server Error in 8ms (Views: 3.5ms | ActiveRecord: 0.0ms)


Started POST "/games" for 127.0.0.1 at 2017-06-16 10:25:03 -0400
Processing by GamesController#create as */*
  Parameters: {"doGames"=>{"gamename"=>"Grand Theft Auto: San Andreas", "summary"=>"Returning after his mother's murder to the semi-fictional city of Los Santos (based on Los Angeles), Carl Johnson, a former gang banger, must take back the streets for his family and friends by gaining respect and once again gaining control over the city. However, a story filled with plots, lies and corruption will lead him to trudge the entire state of San Andreas (based on California and Nevada) to get revenge.", "rating"=>93.1428571428571, "imageurl"=>"//images.igdb.com/igdb/image/upload/t_thumb/h0byhm1o9j8maqfhxd91.jpg", "status_id"=>"2"}, "game"=>{}}
Completed 500 Internal Server Error in 1ms (Views: 0.3ms | ActiveRecord: 0.0ms)


Started POST "/games" for 127.0.0.1 at 2017-06-16 10:25:49 -0400
Processing by GamesController#create as */*
  Parameters: {"doGames"=>{"gamename"=>"Grand Theft Auto: Vice City", "summary"=>"In the year 1986, Tommy Vercetti is heavily indebted to his mafia superiors after a drug deal gone awry, but his dreams of taking over Vice City (based on Miami) push him down a different path. Featuring a wide variety of vehicles, unique radio stations playing hit songs from the era and an intense atmosphere, GTA: Vice City offers valuable insight into the excess and mob life of '80's Miami.", "rating"=>94, "imageurl"=>"//images.igdb.com/igdb/image/upload/t_thumb/wfeojuvgbk2kctpfdeff.jpg", "status_id"=>"2"}, "game"=>{}}
Completed 500 Internal Server Error in 1ms (Views: 0.3ms | ActiveRecord: 0.0ms)


Started POST "/games" for 127.0.0.1 at 2017-06-16 10:30:00 -0400
Processing by GamesController#create as */*
  Parameters: {"gamedata"=>{"gamename"=>"SaGa Scarlet Grace", "summary"=>"SaGa Scarlet Grace is an open world style RPG with turn-based combat. The world map is full of events that will affect the story. There are no dungeons.\nThere are 4 protagonists to choose from and the story will change in a large way based of the character being played. A single playthrough could take from 30-60 hours. \nEvery character you meet in the story can be an ally and you have 6 allies at the start but you can only have a party of 5 people at one time. There are 9 weapon types that can be used by any character.", "imageurl"=>"//images.igdb.com/igdb/image/upload/t_thumb/y55o96q9u0zdbw2brb96.jpg", "status_id"=>"2"}, "game"=>{}}
Completed 500 Internal Server Error in 11ms (Views: 3.4ms | ActiveRecord: 0.0ms)


Started POST "/games" for 127.0.0.1 at 2017-06-16 10:34:37 -0400
Processing by GamesController#create as */*
  Parameters: {"gamedata"=>{"gamename"=>"Mario Sports Superstars", "rating"=>53, "imageurl"=>"//images.igdb.com/igdb/image/upload/t_thumb/h8qvbzsjt1cdzgkvicnq.jpg", "status_id"=>"3"}, "game"=>{}}
Completed 500 Internal Server Error in 9ms (Views: 4.1ms | ActiveRecord: 0.0ms)


Started POST "/games" for 127.0.0.1 at 2017-06-16 10:35:52 -0400
Processing by GamesController#create as */*
  Parameters: {"gamedata"=>{"gamename"=>"Castlevania: Circle of the Moon", "summary"=>"Castlevania: Circle of the Moon is the first of the series to be based on the action/RPG structure of Castlevania:Symphony of the Night rather than the level-based action style of all previous Castlevania games. Dracula's castle is a single continuous building, and as Nathan discovers artifacts within it he gains new abilities that allow him to explore more of it. While Nathan can only use his Killer Whip as a weapon, he can find and equip different kinds of armor and accessories that change his stats. Unique to this entry in the series is the Dual Set-up System, where a combination of two cards will give Nathan unique magical abilities. For example, equipping a fire type card with a whip card will give the Killer Whip a fire attribute, while equipping it with a summon card will let Nathan summon a fire demon to attack onscreen enemies.", "rating"=>90, "imageurl"=>"//images.igdb.com/igdb/image/upload/t_thumb/gicbfcibzpsvya7myztp.jpg", "status_id"=>"2"}, "game"=>{}}
Completed 500 Internal Server Error in 1ms (Views: 0.6ms | ActiveRecord: 0.0ms)


Started POST "/games" for 127.0.0.1 at 2017-06-16 10:37:50 -0400
Processing by GamesController#create as */*
  Parameters: {"gamedata"=>{"gamename"=>"Ninja Dude vs Zombies", "summary"=>"Tap 'n' slash as many zombies as you can using ninja shurikens and survive a zombie invasion in this endless clicker game! Prove you’re a true DUDE!\n\nA brave ninja is trapped on a tower surrounded by hordes of bloody zombies. His only chance of surviving this zombie invasion is with the help of his thick-and-thin shurikens.\n\nThe player’s main goal is to kill off as many zombies as possible by tapping on both sides of the screen.\n\nNinja Dude vs Zombies stand-out features:\n\n●\tENDLESS TAP'EM'ALL ACTION – dive right into smooth, nonintrusive hard-core action. Easy to start, hard to get unhooked;\n●\tCUTE NINJAS - unlock more than 100 cute ninja heroes each with their own features and settings;\n●\tSIMPLE & EASY CONTROLS;\n●\tTRICKY GAMEPLAY – its fast-paced gameplay might seem easy at first, but it gets trickier as you go along;\n●\tSHARE WITH FRIENDS - share a juicy zombie kill or record with your friends;\n●\tDAILY MISSIONS - complete various daily missions and earn gold coins. \n\nIf you happen to notice any errors or bugs in the game, please don’t hesitate to contact us and let us know: http://adoregames.com/contacts.", "imageurl"=>"//images.igdb.com/igdb/image/upload/t_thumb/bjucvojzdsaosj211fo6.jpg", "status_id"=>"2"}, "game"=>{}}
Completed 500 Internal Server Error in 6ms (Views: 2.5ms | ActiveRecord: 0.0ms)


Started POST "/games" for 127.0.0.1 at 2017-06-16 10:40:58 -0400
Processing by GamesController#create as */*
  Parameters: {"gamedata"=>{"gamename"=>"FIFA 16", "summary"=>"FIFA 16 innovates across the entire pitch to deliver a balanced, authentic, and exciting football experience that lets you play your way, and compete at a higher level. You'll have Confidence in Defending, take Control in Midfield, and you'll produce more Moments of Magic than ever before. FIFA 16 - Play Beautiful.\n\nWith innovative gameplay features, FIFA 16 brings Confidence in Defending, Control in Midfield, and gives you the tools to create more Moments of Magic than ever before. Fans new to the franchise, or skilled players looking to improve their game will have a chance to Compete at a Higher Level using the all new FIFA Trainer. Innovation Across the Entire Pitch. New Ways to Play. Compete at a Higher Level.", "rating"=>83.2307692307692, "imageurl"=>"//images.igdb.com/igdb/image/upload/t_thumb/z6ukyh2er3ntgeax0yew.jpg", "status_id"=>"2"}, "game"=>{}}
Completed 500 Internal Server Error in 10ms (Views: 3.5ms | ActiveRecord: 0.0ms)


Started POST "/games" for 127.0.0.1 at 2017-06-16 10:44:21 -0400
Processing by GamesController#create as */*
  Parameters: {"gamename"=>"Grand Theft Auto III", "summary"=>"Featuring a fully 3-D living city, a combination of narrative driven and non-linear gameplay and a completely open environment, Grand Theft Auto III represents a huge leap forward in interactive entertainment. For the first time, players are put at the heart of their very own gangster movie, and let loose in a fully-realised 3 dimensional city, in which anything can happen and probably will. \n \nWith a cast of hundreds, 50 plus vehicles, ranging from sports cars to ice cream trucks and from boats to buses, 3 hours of music, including opera, reggae, house, drum and bass, pop and disco, a huge array of street ready weapons and some of the seediest characters in video game history, Grand Theft Auto 3 is a sprawling epic which will show you that sometimes, crime can pay and sometimes it can pay you back. Available now for PlayStation®2, Xbox, PC and Macintosh.", "rating"=>95, "imageurl"=>"//images.igdb.com/igdb/image/upload/t_thumb/sf9yuzl5yiamivn20eha.jpg", "status_id"=>"4", "game"=>{"gamename"=>"Grand Theft Auto III", "summary"=>"Featuring a fully 3-D living city, a combination of narrative driven and non-linear gameplay and a completely open environment, Grand Theft Auto III represents a huge leap forward in interactive entertainment. For the first time, players are put at the heart of their very own gangster movie, and let loose in a fully-realised 3 dimensional city, in which anything can happen and probably will. \n \nWith a cast of hundreds, 50 plus vehicles, ranging from sports cars to ice cream trucks and from boats to buses, 3 hours of music, including opera, reggae, house, drum and bass, pop and disco, a huge array of street ready weapons and some of the seediest characters in video game history, Grand Theft Auto 3 is a sprawling epic which will show you that sometimes, crime can pay and sometimes it can pay you back. Available now for PlayStation®2, Xbox, PC and Macintosh.", "rating"=>95, "imageurl"=>"//images.igdb.com/igdb/image/upload/t_thumb/sf9yuzl5yiamivn20eha.jpg", "status_id"=>"4"}}
Unpermitted parameters: :rating, :imageurl, :status_id
  [1m[35m (0.6ms)[0m  [1m[35mBEGIN[0m
  [1m[35m (0.3ms)[0m  [1m[31mROLLBACK[0m
  [1m[36mGame Load (2.1ms)[0m  [1m[34mSELECT "games".* FROM "games" ORDER BY "games"."id" ASC[0m
Completed 200 OK in 70ms (Views: 18.9ms | ActiveRecord: 3.0ms)


Started GET "/games" for ::1 at 2017-06-16 10:44:42 -0400
Processing by GamesController#index as HTML
  [1m[36mGame Load (6.9ms)[0m  [1m[34mSELECT "games".* FROM "games"[0m
Completed 200 OK in 23ms (Views: 15.7ms | ActiveRecord: 6.9ms)


Started POST "/games" for 127.0.0.1 at 2017-06-16 10:49:10 -0400
  [1m[35m (7.9ms)[0m  [1m[34mSELECT "schema_migrations"."version" FROM "schema_migrations" ORDER BY "schema_migrations"."version" ASC[0m
Processing by GamesController#create as */*
  Parameters: {"gamename"=>"Sonic Lost World", "summary"=>"When the Deadly Six threaten to destroy his world, Sonic’s new moves & power-ups are the only way to defeat them before it’s too late!", "rating"=>58.0714285714286, "imageurl"=>"//images.igdb.com/igdb/image/upload/t_thumb/u4ofyn79snkdbndrlxgv.jpg", "status_id"=>"2", "game"=>{"gamename"=>"Sonic Lost World", "summary"=>"When the Deadly Six threaten to destroy his world, Sonic’s new moves & power-ups are the only way to defeat them before it’s too late!", "rating"=>58.0714285714286, "imageurl"=>"//images.igdb.com/igdb/image/upload/t_thumb/u4ofyn79snkdbndrlxgv.jpg", "status_id"=>"2"}}
  [1m[35m (0.2ms)[0m  [1m[35mBEGIN[0m
  [1m[36mStatus Load (2.3ms)[0m  [1m[34mSELECT  "statuses".* FROM "statuses" WHERE "statuses"."id" = $1 LIMIT $2[0m  [["id", 2], ["LIMIT", 1]]
  [1m[35mSQL (43.1ms)[0m  [1m[32mINSERT INTO "games" ("gamename", "summary", "rating", "imageurl", "status_id", "created_at", "updated_at") VALUES ($1, $2, $3, $4, $5, $6, $7) RETURNING "id"[0m  [["gamename", "Sonic Lost World"], ["summary", "When the Deadly Six threaten to destroy his world, Sonic’s new moves & power-ups are the only way to defeat them before it’s too late!"], ["rating", 58], ["imageurl", "//images.igdb.com/igdb/image/upload/t_thumb/u4ofyn79snkdbndrlxgv.jpg"], ["status_id", 2], ["created_at", "2017-06-16 14:49:11.813647"], ["updated_at", "2017-06-16 14:49:11.813647"]]
  [1m[35m (1.2ms)[0m  [1m[35mCOMMIT[0m
  [1m[36mGame Load (0.8ms)[0m  [1m[34mSELECT "games".* FROM "games" ORDER BY "games"."id" ASC[0m
Completed 200 OK in 170ms (Views: 3.0ms | ActiveRecord: 89.9ms)


Started GET "/games" for ::1 at 2017-06-16 10:49:23 -0400
Processing by GamesController#index as HTML
  [1m[36mGame Load (1.2ms)[0m  [1m[34mSELECT "games".* FROM "games"[0m
Completed 200 OK in 48ms (Views: 27.9ms | ActiveRecord: 19.5ms)


